Error: Cannot find module 'lucide-svelte/icons/loader-2' imported from 'Z:/Coding/webbuddy/webbuddy/frontend/src/lib/features/toolbar/Toolbar.svelte'
    at fetchModule (file:///Z:/Coding/webbuddy/webbuddy/frontend/node_modules/vite/dist/node/chunks/dep-eRCq8YxU.js:34799:34)
    at RunnableDevEnvironment.fetchModule (file:///Z:/Coding/webbuddy/webbuddy/frontend/node_modules/vite/dist/node/chunks/dep-eRCq8YxU.js:35638:10)
    at fetchModule (file:///Z:/Coding/webbuddy/webbuddy/frontend/node_modules/vite/dist/node/chunks/dep-eRCq8YxU.js:35607:16)
    at handleInvoke (file:///Z:/Coding/webbuddy/webbuddy/frontend/node_modules/vite/dist/node/chunks/dep-eRCq8YxU.js:28915:25)
    at EventEmitter.listenerForInvokeHandler (file:///Z:/Coding/webbuddy/webbuddy/frontend/node_modules/vite/dist/node/chunks/dep-eRCq8YxU.js:28976:19)
    at EventEmitter.emit (node:events:507:28)
    at Object.send (file:///Z:/Coding/webbuddy/webbuddy/frontend/node_modules/vite/dist/node/chunks/dep-eRCq8YxU.js:18934:39)
    at Object.invoke (file:///Z:/Coding/webbuddy/webbuddy/frontend/node_modules/vite/dist/node/module-runner.js:533:31)
    at Object.invoke (file:///Z:/Coding/webbuddy/webbuddy/frontend/node_modules/vite/dist/node/module-runner.js:582:31)
    at SSRCompatModuleRunner.getModuleInformation (file:///Z:/Coding/webbuddy/webbuddy/frontend/node_modules/vite/dist/node/module-runner.js:1057:28) {
  code: 'ERR_MODULE_NOT_FOUND',
  runnerError: Error: RunnerError
      at reviveInvokeError (file:///Z:/Coding/webbuddy/webbuddy/frontend/node_modules/vite/dist/node/module-runner.js:474:64)
      at Object.invoke (file:///Z:/Coding/webbuddy/webbuddy/frontend/node_modules/vite/dist/node/module-runner.js:547:11)
      at async SSRCompatModuleRunner.getModuleInformation (file:///Z:/Coding/webbuddy/webbuddy/frontend/node_modules/vite/dist/node/module-runner.js:1057:7)
      at async request (file:///Z:/Coding/webbuddy/webbuddy/frontend/node_modules/vite/dist/node/module-runner.js:1074:83)
      at async eval (Z:/Coding/webbuddy/webbuddy/frontend/src/lib/features/toolbar/Toolbar.svelte:14:32)
      at async ESModulesEvaluator.runInlinedModule (file:///Z:/Coding/webbuddy/webbuddy/frontend/node_modules/vite/dist/node/module-runner.js:908:3)
      at async SSRCompatModuleRunner.directRequest (file:///Z:/Coding/webbuddy/webbuddy/frontend/node_modules/vite/dist/node/module-runner.js:1117:59)
      at async SSRCompatModuleRunner.directRequest (file:///Z:/Coding/webbuddy/webbuddy/frontend/node_modules/vite/dist/node/chunks/dep-eRCq8YxU.js:18993:22)
      at async SSRCompatModuleRunner.cachedRequest (file:///Z:/Coding/webbuddy/webbuddy/frontend/node_modules/vite/dist/node/module-runner.js:1035:73)
      at async eval (Z:/Coding/webbuddy/webbuddy/frontend/src/lib/features/toolbar/index.ts:4:31)
}
